<?xml version="1.0" encoding="UTF-8"?>
<!-- Generated by org.testng.reporters.JUnitReportReporter -->
<testsuite skipped="0" hostname="DESKTOP-NGFOF13" name="company.com.crm.TestAll" tests="2" failures="0" timestamp="2020-02-09T16:51:00 IST" time="27.105" errors="0">
  <testcase name="print" time="0.008" classname="company.com.crm.TestAll"/>
  <testcase name="login" time="27.097" classname="company.com.crm.TestAll"/>
</testsuite> <!-- company.com.crm.TestAll -->
